<?xml version="1.0" encoding="UTF-8"?>
<testsuite name="seedu.address.logic.parser.SelectCommandParserTest" tests="2" skipped="0" failures="0" errors="0" timestamp="2018-10-02T04:41:55" hostname="JOYCE" time="0.001">
  <properties/>
  <testcase name="parse_invalidArgs_throwsParseException" classname="seedu.address.logic.parser.SelectCommandParserTest" time="0.0"/>
  <testcase name="parse_validArgs_returnsSelectCommand" classname="seedu.address.logic.parser.SelectCommandParserTest" time="0.0"/>
  <system-out><![CDATA[]]></system-out>
  <system-err><![CDATA[]]></system-err>
</testsuite>
